<?xml version="1.0" encoding="UTF-8"?>
<!-- Generated by org.testng.reporters.JUnitReportReporter -->
<testsuite hostname="LAPTOP-H8AK78MU" failures="0" tests="1" name="qaclick.Mavenjava.AbcTest" time="0.014" errors="0" timestamp="9 Sep 2020 00:21:31 GMT">
  <testcase classname="qaclick.Mavenjava.AbcTest" name="Demo" time="0.014"/>
</testsuite> <!-- qaclick.Mavenjava.AbcTest -->
