<?xml version="1.0" encoding="UTF-8"?>
<!-- Generated by org.testng.reporters.JUnitReportReporter -->
<testsuite hostname="LAPTOP-H8AK78MU" failures="0" tests="1" name="qaclick.Mavenjava.MainTest" time="0.004" errors="0" timestamp="9 Sep 2020 00:21:31 GMT">
  <testcase classname="qaclick.Mavenjava.MainTest" name="shouldCreateMainObject" time="0.004"/>
</testsuite> <!-- qaclick.Mavenjava.MainTest -->
