<?xml version="1.0" encoding="UTF-8"?>
<!-- Generated by org.testng.reporters.JUnitReportReporter -->
<testsuite hostname="LAPTOP-H8AK78MU" failures="0" tests="1" name="qaclick.Mavenjava.abc" time="0.010" errors="0" timestamp="2020-09-08T03:59:02 EDT" skipped="0">
  <testcase classname="qaclick.Mavenjava.abc" name="Abd" time="0.010"/>
  <system-out/>
</testsuite> <!-- qaclick.Mavenjava.abc -->
