<?xml version="1.0" encoding="UTF-8"?>
<!-- Generated by org.testng.reporters.JUnitReportReporter -->
<testsuite hostname="LAPTOP-H8AK78MU" failures="0" tests="1" name="qaclick.Mavenjava.AbcTest" time="0.012" errors="0" timestamp="2020-09-08T14:38:03 EDT" skipped="0">
  <testcase classname="qaclick.Mavenjava.AbcTest" name="Demo" time="0.012"/>
  <system-out/>
</testsuite> <!-- qaclick.Mavenjava.AbcTest -->
