<?xml version="1.0" encoding="UTF-8"?>
<!-- Generated by org.testng.reporters.JUnitReportReporter -->
<testsuite hostname="LAPTOP-H8AK78MU" failures="0" tests="1" name="qaclick.Mavenjava.bcd" time="0.013" errors="0" timestamp="2020-09-08T05:00:10 EDT" skipped="0">
  <testcase classname="qaclick.Mavenjava.bcd" name="Abd" time="0.013"/>
  <system-out/>
</testsuite> <!-- qaclick.Mavenjava.bcd -->
